{
  "timestamp": "2025-08-22T23:53:03.398501",
  "environment": {
    "cuda_available": true,
    "project_root": "/home/max16/pillsnap"
  },
  "test_results": {
    "unit_tests": [
      {
        "name": "Stage 3 Manifest Creator ë‹¨ìœ„ í…ŒìŠ¤íŠ¸",
        "success": true,
        "duration": 68.12776017189026,
        "returncode": 0,
        "stdout": "============================= test session starts ==============================\nplatform linux -- Python 3.11.13, pytest-8.4.1, pluggy-1.6.0 -- /home/max16/pillsnap/.venv/bin/python\ncachedir: .pytest_cache\nrootdir: /home/max16/pillsnap\nconfigfile: pytest.ini\nplugins: anyio-4.10.0, asyncio-0.26.0\nasyncio: mode=Mode.STRICT, asyncio_default_fixture_loop_scope=None, asyncio_default_test_loop_scope=function\ncollecting ... collected 14 items\n\ntests/unit/test_stage3_manifest_creator.py::TestStage3ManifestCreator::test_initialization PASSED [  7%]\ntests/unit/test_stage3_manifest_creator.py::TestStage3ManifestCreator::test_scan_available_data PASSED [ 14%]\ntests/unit/test_stage3_manifest_creator.py::TestStage3ManifestCreator::test_select_target_classes PASSED [ 21%]\ntests/unit/test_stage3_manifest_creator.py::TestStage3ManifestCreator::test_sample_images_for_class PASSED [ 28%]\ntests/unit/test_stage3_manifest_creator.py::TestStage3ManifestCreator::test_create_manifest PASSED [ 35%]\ntests/unit/test_stage3_manifest_creator.py::TestStage3ManifestCreator::test_split_train_val PASSED [ 42%]\ntests/unit/test_stage3_manifest_creator.py::TestStage3ManifestCreator::test_save_manifests PASSED [ 50%]\ntests/unit/test_stage3_manifest_creator.py::TestStage3ManifestCreator::test_edge_case_insufficient_classes PASSED [ 57%]\ntests/unit/test_stage3_manifest_creator.py::TestStage3ManifestCreator::test_reproducibility PASSED [ 64%]\ntests/unit/test_stage3_manifest_creator.py::TestStage3ManifestCreator::test_performance_with_large_dataset PASSED [ 71%]\ntests/unit/test_stage3_manifest_creator.py::TestStage3ManifestCreator::test_run_method_integration PASSED [ 78%]\ntests/unit/test_stage3_manifest_creator.py::TestStage3ManifestCreatorIntegration::test_dry_run_mode PASSED [ 85%]\ntests/unit/test_stage3_manifest_creator.py::TestStage3ManifestCreatorIntegration::test_classification_focused_ratio PASSED [ 92%]\ntests/unit/test_stage3_manifest_creator.py::TestStage3ManifestCreatorIntegration::test_realistic_combination_limit PASSED [100%]\n\n=============================== warnings summary ===============================\ntests/unit/test_stage3_manifest_creator.py:374\n  /home/max16/pillsnap/tests/unit/test_stage3_manifest_creator.py:374: PytestUnknownMarkWarning: Unknown pytest.mark.integration - is this a typo?  You can register custom marks to avoid this warning - for details, see https://docs.pytest.org/en/stable/how-to/mark.html\n    @pytest.mark.integration\n\n-- Docs: https://docs.pytest.org/en/stable/how-to/capture-warnings.html\n=================== 14 passed, 1 warning in 67.81s (0:01:07) ===================\n",
        "stderr": ""
      }
    ],
    "integration_tests": [
      {
        "name": "Classification Trainer í†µí•© í…ŒìŠ¤íŠ¸",
        "success": false,
        "duration": 35.738927364349365,
        "returncode": 1,
        "stdout": "============================= test session starts ==============================\nplatform linux -- Python 3.11.13, pytest-8.4.1, pluggy-1.6.0 -- /home/max16/pillsnap/.venv/bin/python\ncachedir: .pytest_cache\nrootdir: /home/max16/pillsnap\nconfigfile: pytest.ini\nplugins: anyio-4.10.0, asyncio-0.26.0\nasyncio: mode=Mode.STRICT, asyncio_default_fixture_loop_scope=None, asyncio_default_test_loop_scope=function\ncollecting ... collected 12 items\n\ntests/integration/test_stage3_classification_training.py::TestStage3ClassificationTrainingIntegration::test_trainer_initialization_production_mode FAILED [  8%]\ntests/integration/test_stage3_classification_training.py::TestStage3ClassificationTrainingIntegration::test_data_loader_setup_production_scale FAILED [ 16%]\ntests/integration/test_stage3_classification_training.py::TestStage3ClassificationTrainingIntegration::test_model_optimization_production_ready FAILED [ 25%]\ntests/integration/test_stage3_classification_training.py::TestStage3ClassificationTrainingIntegration::test_cpu_fallback_mode PASSED [ 33%]\ntests/integration/test_stage3_classification_training.py::TestStage3ClassificationTrainingIntegration::test_memory_leak_detection PASSED [ 41%]\ntests/integration/test_stage3_classification_training.py::TestStage3ClassificationTrainingIntegration::test_checkpoint_integrity_production FAILED [ 50%]\ntests/integration/test_stage3_classification_training.py::TestStage3ClassificationTrainingIntegration::test_training_convergence_validation PASSED [ 58%]\ntests/integration/test_stage3_classification_training.py::TestStage3ClassificationTrainingIntegration::test_production_environment_simulation PASSED [ 66%]\ntests/integration/test_stage3_classification_training.py::TestStage3ClassificationTrainingIntegration::test_long_term_stability PASSED [ 75%]\ntests/integration/test_stage3_classification_training.py::TestStage3ClassificationTrainingIntegration::test_error_handling_robustness FAILED [ 83%]\ntests/integration/test_stage3_classification_training.py::TestStage3ProductionReadiness::test_production_deployment_checklist PASSED [ 91%]\ntests/integration/test_stage3_classification_training.py::TestStage3ProductionReadiness::test_performance_benchmark_targets PASSED [100%]\n\n=================================== FAILURES ===================================\n_ TestStage3ClassificationTrainingIntegration.test_trainer_initialization_production_mode _\ntests/integration/test_stage3_classification_training.py:126: in test_trainer_initialization_production_mode\n    assert trainer.seed == 42  # ì¬í˜„ì„±\n           ^^^^^^^^^^^^\nE   AttributeError: 'Stage3ClassificationTrainer' object has no attribute 'seed'\n----------------------------- Captured stdout call -----------------------------\nğŸ“ í™˜ê²½ë³€ìˆ˜ ì ìš©: PILLSNAP_DATA_ROOT = /home/max16/pillsnap_data\n23:52:20 | INFO     | ğŸš€ RTX 5080 GPU ìµœì í™” í™œì„±í™”\n23:52:20 | INFO     | GPU ëª¨ë‹ˆí„°ë§ ì´ˆê¸°í™”: NVIDIA GeForce RTX 5080 (15.5GB)\n23:52:20 | INFO     | ë¶„ë¥˜ ë©”íŠ¸ë¦­ í‰ê°€ê¸° ì´ˆê¸°í™”: 5000ê°œ í´ë˜ìŠ¤\n23:52:20 | INFO     | Stage 3 Classification ì „ìš© í•™ìŠµê¸° ì´ˆê¸°í™” ì™„ë£Œ\n23:52:20 | INFO     | ëª©í‘œ ì •í™•ë„: 0.85\n23:52:20 | INFO     | Manifest: train=/tmp/tmpo3ggq1bt/manifest_train.csv, val=/tmp/tmpo3ggq1bt/manifest_val.csv\n------------------------------ Captured log call -------------------------------\nINFO     src.training.train_stage3_classification:core.py:330 ğŸš€ RTX 5080 GPU ìµœì í™” í™œì„±í™”\nINFO     src.training.memory_monitor_gpu_usage:core.py:330 GPU ëª¨ë‹ˆí„°ë§ ì´ˆê¸°í™”: NVIDIA GeForce RTX 5080 (15.5GB)\nINFO     src.evaluation.evaluate_classification_metrics:core.py:330 ë¶„ë¥˜ ë©”íŠ¸ë¦­ í‰ê°€ê¸° ì´ˆê¸°í™”: 5000ê°œ í´ë˜ìŠ¤\nINFO     src.training.train_stage3_classification:core.py:330 Stage 3 Classification ì „ìš© í•™ìŠµê¸° ì´ˆê¸°í™” ì™„ë£Œ\nINFO     src.training.train_stage3_classification:core.py:330 ëª©í‘œ ì •í™•ë„: 0.85\nINFO     src.training.train_stage3_classification:core.py:330 Manifest: train=/tmp/tmpo3ggq1bt/manifest_train.csv, val=/tmp/tmpo3ggq1bt/manifest_val.csv\n_ TestStage3ClassificationTrainingIntegration.test_data_loader_setup_production_scale _\ntests/integration/test_stage3_classification_training.py:153: in test_data_loader_setup_production_scale\n    trainer.setup_data_loaders()\nsrc/training/train_stage3_classification.py:107: in setup_data_loaders\n    batch_size = self.config['train']['batch_size']\n                 ^^^^^^^^^^^^^^^^^^^^^^^^^^^^^^^^^^\nE   KeyError: 'batch_size'\n----------------------------- Captured stdout call -----------------------------\nğŸ“ í™˜ê²½ë³€ìˆ˜ ì ìš©: PILLSNAP_DATA_ROOT = /home/max16/pillsnap_data\n23:52:20 | INFO     | ğŸš€ RTX 5080 GPU ìµœì í™” í™œì„±í™”\n23:52:20 | INFO     | GPU ëª¨ë‹ˆí„°ë§ ì´ˆê¸°í™”: NVIDIA GeForce RTX 5080 (15.5GB)\n23:52:20 | INFO     | ë¶„ë¥˜ ë©”íŠ¸ë¦­ í‰ê°€ê¸° ì´ˆê¸°í™”: 5000ê°œ í´ë˜ìŠ¤\n23:52:20 | INFO     | Stage 3 Classification ì „ìš© í•™ìŠµê¸° ì´ˆê¸°í™” ì™„ë£Œ\n23:52:20 | INFO     | ëª©í‘œ ì •í™•ë„: 0.85\n23:52:20 | INFO     | Manifest: train=/tmp/tmpjm5x54l1/manifest_train.csv, val=/tmp/tmpjm5x54l1/manifest_val.csv\n23:52:20 | INFO     | Train ìƒ˜í”Œ: 100,000ê°œ\n23:52:20 | INFO     | Val ìƒ˜í”Œ: 20,000ê°œ\n23:52:20 | INFO     | Train ë¶„í¬: Single 95.0% (95,000), Combination 5.0% (5,000)\n------------------------------ Captured log call -------------------------------\nINFO     src.training.train_stage3_classification:core.py:330 ğŸš€ RTX 5080 GPU ìµœì í™” í™œì„±í™”\nINFO     src.training.memory_monitor_gpu_usage:core.py:330 GPU ëª¨ë‹ˆí„°ë§ ì´ˆê¸°í™”: NVIDIA GeForce RTX 5080 (15.5GB)\nINFO     src.evaluation.evaluate_classification_metrics:core.py:330 ë¶„ë¥˜ ë©”íŠ¸ë¦­ í‰ê°€ê¸° ì´ˆê¸°í™”: 5000ê°œ í´ë˜ìŠ¤\nINFO     src.training.train_stage3_classification:core.py:330 Stage 3 Classification ì „ìš© í•™ìŠµê¸° ì´ˆê¸°í™” ì™„ë£Œ\nINFO     src.training.train_stage3_classification:core.py:330 ëª©í‘œ ì •í™•ë„: 0.85\nINFO     src.training.train_stage3_classification:core.py:330 Manifest: train=/tmp/tmpjm5x54l1/manifest_train.csv, val=/tmp/tmpjm5x54l1/manifest_val.csv\nINFO     src.training.train_stage3_classification:core.py:330 Train ìƒ˜í”Œ: 100,000ê°œ\nINFO     src.training.train_stage3_classification:core.py:330 Val ìƒ˜í”Œ: 20,000ê°œ\nINFO     src.training.train_stage3_classification:core.py:330 Train ë¶„í¬: Single 95.0% (95,000), Combination 5.0% (5,000)\n_ TestStage3ClassificationTrainingIntegration.test_model_optimization_production_ready _\ntests/integration/test_stage3_classification_training.py:183: in test_model_optimization_production_ready\n    trainer.setup_model_and_optimizers()\nsrc/training/train_stage3_classification.py:162: in setup_model_and_optimizers\n    self.model = create_pillsnap_classifier(\nE   TypeError: create_pillsnap_classifier() got an unexpected keyword argument 'backbone'\n----------------------------- Captured stdout call -----------------------------\nğŸ“ í™˜ê²½ë³€ìˆ˜ ì ìš©: PILLSNAP_DATA_ROOT = /home/max16/pillsnap_data\n23:52:20 | INFO     | ğŸš€ RTX 5080 GPU ìµœì í™” í™œì„±í™”\n23:52:20 | INFO     | GPU ëª¨ë‹ˆí„°ë§ ì´ˆê¸°í™”: NVIDIA GeForce RTX 5080 (15.5GB)\n23:52:20 | INFO     | ë¶„ë¥˜ ë©”íŠ¸ë¦­ í‰ê°€ê¸° ì´ˆê¸°í™”: 5000ê°œ í´ë˜ìŠ¤\n23:52:20 | INFO     | Stage 3 Classification ì „ìš© í•™ìŠµê¸° ì´ˆê¸°í™” ì™„ë£Œ\n23:52:20 | INFO     | ëª©í‘œ ì •í™•ë„: 0.85\n23:52:20 | INFO     | Manifest: train=/tmp/tmp0koir4_3/manifest_train.csv, val=/tmp/tmp0koir4_3/manifest_val.csv\n------------------------------ Captured log call -------------------------------\nINFO     src.training.train_stage3_classification:core.py:330 ğŸš€ RTX 5080 GPU ìµœì í™” í™œì„±í™”\nINFO     src.training.memory_monitor_gpu_usage:core.py:330 GPU ëª¨ë‹ˆí„°ë§ ì´ˆê¸°í™”: NVIDIA GeForce RTX 5080 (15.5GB)\nINFO     src.evaluation.evaluate_classification_metrics:core.py:330 ë¶„ë¥˜ ë©”íŠ¸ë¦­ í‰ê°€ê¸° ì´ˆê¸°í™”: 5000ê°œ í´ë˜ìŠ¤\nINFO     src.training.train_stage3_classification:core.py:330 Stage 3 Classification ì „ìš© í•™ìŠµê¸° ì´ˆê¸°í™” ì™„ë£Œ\nINFO     src.training.train_stage3_classification:core.py:330 ëª©í‘œ ì •í™•ë„: 0.85\nINFO     src.training.train_stage3_classification:core.py:330 Manifest: train=/tmp/tmp0koir4_3/manifest_train.csv, val=/tmp/tmp0koir4_3/manifest_val.csv\n_ TestStage3ClassificationTrainingIntegration.test_checkpoint_integrity_production _\ntests/integration/test_stage3_classification_training.py:272: in test_checkpoint_integrity_production\n    assert ckpt_dir.exists()\nE   AssertionError: assert False\nE    +  where False = exists()\nE    +    where exists = PosixPath('/tmp/tmpzao2x8rg/checkpoints').exists\n----------------------------- Captured stdout call -----------------------------\nğŸ“ í™˜ê²½ë³€ìˆ˜ ì ìš©: PILLSNAP_DATA_ROOT = /home/max16/pillsnap_data\n23:52:21 | INFO     | ğŸš€ RTX 5080 GPU ìµœì í™” í™œì„±í™”\n23:52:21 | INFO     | GPU ëª¨ë‹ˆí„°ë§ ì´ˆê¸°í™”: NVIDIA GeForce RTX 5080 (15.5GB)\n23:52:21 | INFO     | ë¶„ë¥˜ ë©”íŠ¸ë¦­ í‰ê°€ê¸° ì´ˆê¸°í™”: 5000ê°œ í´ë˜ìŠ¤\n23:52:21 | INFO     | Stage 3 Classification ì „ìš© í•™ìŠµê¸° ì´ˆê¸°í™” ì™„ë£Œ\n23:52:21 | INFO     | ëª©í‘œ ì •í™•ë„: 0.85\n23:52:21 | INFO     | Manifest: train=/tmp/tmp2ej0_6ny/manifest_train.csv, val=/tmp/tmp2ej0_6ny/manifest_val.csv\n23:52:21 | INFO     | âœ… SUCCESS: Best ëª¨ë¸ ì €ì¥: /home/max16/pillsnap_data/exp/exp01/checkpoints/stage3_classification_best.pt\n------------------------------ Captured log call -------------------------------\nINFO     src.training.train_stage3_classification:core.py:330 ğŸš€ RTX 5080 GPU ìµœì í™” í™œì„±í™”\nINFO     src.training.memory_monitor_gpu_usage:core.py:330 GPU ëª¨ë‹ˆí„°ë§ ì´ˆê¸°í™”: NVIDIA GeForce RTX 5080 (15.5GB)\nINFO     src.evaluation.evaluate_classification_metrics:core.py:330 ë¶„ë¥˜ ë©”íŠ¸ë¦­ í‰ê°€ê¸° ì´ˆê¸°í™”: 5000ê°œ í´ë˜ìŠ¤\nINFO     src.training.train_stage3_classification:core.py:330 Stage 3 Classification ì „ìš© í•™ìŠµê¸° ì´ˆê¸°í™” ì™„ë£Œ\nINFO     src.training.train_stage3_classification:core.py:330 ëª©í‘œ ì •í™•ë„: 0.85\nINFO     src.training.train_stage3_classification:core.py:330 Manifest: train=/tmp/tmp2ej0_6ny/manifest_train.csv, val=/tmp/tmp2ej0_6ny/manifest_val.csv\nINFO     src.training.train_stage3_classification:core.py:364 âœ… SUCCESS: Best ëª¨ë¸ ì €ì¥: /home/max16/pillsnap_data/exp/exp01/checkpoints/stage3_classification_best.pt\n__ TestStage3ClassificationTrainingIntegration.test_error_handling_robustness __\ntests/integration/test_stage3_classification_training.py:415: in test_error_handling_robustness\n    trainer.setup_model_and_optimizers()\nsrc/training/train_stage3_classification.py:162: in setup_model_and_optimizers\n    self.model = create_pillsnap_classifier(\nE   TypeError: create_pillsnap_classifier() got an unexpected keyword argument 'backbone'\n----------------------------- Captured stdout call -----------------------------\nğŸ“ í™˜ê²½ë³€ìˆ˜ ì ìš©: PILLSNAP_DATA_ROOT = /home/max16/pillsnap_data\n23:52:53 | INFO     | ğŸš€ RTX 5080 GPU ìµœì í™” í™œì„±í™”\n23:52:53 | INFO     | GPU ëª¨ë‹ˆí„°ë§ ì´ˆê¸°í™”: NVIDIA GeForce RTX 5080 (15.5GB)\n23:52:53 | INFO     | ë¶„ë¥˜ ë©”íŠ¸ë¦­ í‰ê°€ê¸° ì´ˆê¸°í™”: 5000ê°œ í´ë˜ìŠ¤\n23:52:53 | INFO     | Stage 3 Classification ì „ìš© í•™ìŠµê¸° ì´ˆê¸°í™” ì™„ë£Œ\n23:52:53 | INFO     | ëª©í‘œ ì •í™•ë„: 0.85\n23:52:53 | INFO     | Manifest: train=/tmp/tmpco1hb_bv/manifest_train.csv, val=/tmp/tmpco1hb_bv/manifest_val.csv\n------------------------------ Captured log call -------------------------------\nINFO     src.training.train_stage3_classification:core.py:330 ğŸš€ RTX 5080 GPU ìµœì í™” í™œì„±í™”\nINFO     src.training.memory_monitor_gpu_usage:core.py:330 GPU ëª¨ë‹ˆí„°ë§ ì´ˆê¸°í™”: NVIDIA GeForce RTX 5080 (15.5GB)\nINFO     src.evaluation.evaluate_classification_metrics:core.py:330 ë¶„ë¥˜ ë©”íŠ¸ë¦­ í‰ê°€ê¸° ì´ˆê¸°í™”: 5000ê°œ í´ë˜ìŠ¤\nINFO     src.training.train_stage3_classification:core.py:330 Stage 3 Classification ì „ìš© í•™ìŠµê¸° ì´ˆê¸°í™” ì™„ë£Œ\nINFO     src.training.train_stage3_classification:core.py:330 ëª©í‘œ ì •í™•ë„: 0.85\nINFO     src.training.train_stage3_classification:core.py:330 Manifest: train=/tmp/tmpco1hb_bv/manifest_train.csv, val=/tmp/tmpco1hb_bv/manifest_val.csv\n=============================== warnings summary ===============================\ntests/integration/test_stage3_classification_training.py:355\n  /home/max16/pillsnap/tests/integration/test_stage3_classification_training.py:355: PytestUnknownMarkWarning: Unknown pytest.mark.slow - is this a typo?  You can register custom marks to avoid this warning - for details, see https://docs.pytest.org/en/stable/how-to/mark.html\n    @pytest.mark.slow\n\ntests/integration/test_stage3_classification_training.py:429\n  /home/max16/pillsnap/tests/integration/test_stage3_classification_training.py:429: PytestUnknownMarkWarning: Unknown pytest.mark.integration - is this a typo?  You can register custom marks to avoid this warning - for details, see https://docs.pytest.org/en/stable/how-to/mark.html\n    @pytest.mark.integration\n\n-- Docs: https://docs.pytest.org/en/stable/how-to/capture-warnings.html\n=========================== short test summary info ============================\nFAILED tests/integration/test_stage3_classification_training.py::TestStage3ClassificationTrainingIntegration::test_trainer_initialization_production_mode\nFAILED tests/integration/test_stage3_classification_training.py::TestStage3ClassificationTrainingIntegration::test_data_loader_setup_production_scale\nFAILED tests/integration/test_stage3_classification_training.py::TestStage3ClassificationTrainingIntegration::test_model_optimization_production_ready\nFAILED tests/integration/test_stage3_classification_training.py::TestStage3ClassificationTrainingIntegration::test_checkpoint_integrity_production\nFAILED tests/integration/test_stage3_classification_training.py::TestStage3ClassificationTrainingIntegration::test_error_handling_robustness\n=================== 5 failed, 7 passed, 2 warnings in 34.90s ===================\n",
        "stderr": ""
      },
      {
        "name": "Training Script í†µí•© í…ŒìŠ¤íŠ¸",
        "success": true,
        "duration": 0.14692091941833496,
        "returncode": 0,
        "stdout": "============================= test session starts ==============================\nplatform linux -- Python 3.11.13, pytest-8.4.1, pluggy-1.6.0 -- /home/max16/pillsnap/.venv/bin/python\ncachedir: .pytest_cache\nrootdir: /home/max16/pillsnap\nconfigfile: pytest.ini\nplugins: anyio-4.10.0, asyncio-0.26.0\nasyncio: mode=Mode.STRICT, asyncio_default_fixture_loop_scope=None, asyncio_default_test_loop_scope=function\ncollecting ... collected 11 items\n\ntests/integration/test_stage3_training_script.py::TestStage3TrainingScriptIntegration::test_environment_validation PASSED [  9%]\ntests/integration/test_stage3_training_script.py::TestStage3TrainingScriptIntegration::test_gpu_requirements_check PASSED [ 18%]\ntests/integration/test_stage3_training_script.py::TestStage3TrainingScriptIntegration::test_disk_space_validation PASSED [ 27%]\ntests/integration/test_stage3_training_script.py::TestStage3TrainingScriptIntegration::test_manifest_generation_integration PASSED [ 36%]\ntests/integration/test_stage3_training_script.py::TestStage3TrainingScriptIntegration::test_training_execution_simulation PASSED [ 45%]\ntests/integration/test_stage3_training_script.py::TestStage3TrainingScriptIntegration::test_monitoring_system_integration PASSED [ 54%]\ntests/integration/test_stage3_training_script.py::TestStage3TrainingScriptIntegration::test_checkpoint_management PASSED [ 63%]\ntests/integration/test_stage3_training_script.py::TestStage3TrainingScriptIntegration::test_error_handling_and_recovery PASSED [ 72%]\ntests/integration/test_stage3_training_script.py::TestStage3TrainingScriptIntegration::test_cleanup_and_resource_management PASSED [ 81%]\ntests/integration/test_stage3_training_script.py::TestStage3TrainingScriptIntegration::test_full_pipeline_dry_run PASSED [ 90%]\ntests/integration/test_stage3_training_script.py::TestStage3TrainingScriptIntegration::test_performance_benchmarking PASSED [100%]\n\n=============================== warnings summary ===============================\ntests/integration/test_stage3_training_script.py:367\n  /home/max16/pillsnap/tests/integration/test_stage3_training_script.py:367: PytestUnknownMarkWarning: Unknown pytest.mark.integration - is this a typo?  You can register custom marks to avoid this warning - for details, see https://docs.pytest.org/en/stable/how-to/mark.html\n    @pytest.mark.integration\n\n-- Docs: https://docs.pytest.org/en/stable/how-to/capture-warnings.html\n======================== 11 passed, 1 warning in 0.03s =========================\n",
        "stderr": ""
      }
    ],
    "performance_tests": [
      {
        "name": "í”„ë¡œë•ì…˜ í™˜ê²½ ì‹œë®¬ë ˆì´ì…˜",
        "success": false,
        "duration": 4.3211400508880615,
        "returncode": 1,
        "stdout": "============================= test session starts ==============================\nplatform linux -- Python 3.11.13, pytest-8.4.1, pluggy-1.6.0 -- /home/max16/pillsnap/.venv/bin/python\ncachedir: .pytest_cache\nrootdir: /home/max16/pillsnap\nconfigfile: pytest.ini\nplugins: anyio-4.10.0, asyncio-0.26.0\nasyncio: mode=Mode.STRICT, asyncio_default_fixture_loop_scope=None, asyncio_default_test_loop_scope=function\ncollecting ... collected 8 items / 1 deselected / 7 selected\n\ntests/performance/test_stage3_production_simulation.py::TestStage3ProductionSimulation::test_memory_constraint_simulation PASSED [ 14%]\ntests/performance/test_stage3_production_simulation.py::TestStage3ProductionSimulation::test_training_time_constraint_simulation FAILED [ 28%]\ntests/performance/test_stage3_production_simulation.py::TestStage3ProductionSimulation::test_concurrent_access_simulation PASSED [ 42%]\ntests/performance/test_stage3_production_simulation.py::TestStage3ProductionSimulation::test_storage_performance_simulation PASSED [ 57%]\ntests/performance/test_stage3_production_simulation.py::TestStage3ProductionSimulation::test_error_recovery_simulation PASSED [ 71%]\ntests/performance/test_stage3_production_simulation.py::TestStage3ProductionSimulation::test_end_to_end_production_simulation FAILED [ 85%]\ntests/performance/test_stage3_production_simulation.py::TestStage3ProductionBenchmarks::test_performance_benchmarks PASSED [100%]\n\n=================================== FAILURES ===================================\n___ TestStage3ProductionSimulation.test_training_time_constraint_simulation ____\ntests/performance/test_stage3_production_simulation.py:176: in test_training_time_constraint_simulation\n    assert total_training_hours <= max_allowed_hours, f\"í•™ìŠµ ì‹œê°„ ì´ˆê³¼: {total_training_hours:.1f}h > {max_allowed_hours}h\"\nE   AssertionError: í•™ìŠµ ì‹œê°„ ì´ˆê³¼: 303.8h > 16h\nE   assert 303.81944444444446 <= 16\n----------------------------- Captured stdout call -----------------------------\nâ° í•™ìŠµ ì‹œê°„ ì œì•½ì‚¬í•­ ì‹œë®¬ë ˆì´ì…˜\n  ë°°ì¹˜ í¬ê¸°: 8\n  ì—í¬í¬ë‹¹ ìŠ¤í…: 12,500\n  ìŠ¤í…ë‹¹ ì‹œê°„: 2.5ì´ˆ\n  ì—í¬í¬ë‹¹ ì‹œê°„: 520.8ë¶„\n  ì˜ˆìƒ ì—í¬í¬: 35\n  ì´ í•™ìŠµ ì‹œê°„: 303.8ì‹œê°„\n_____ TestStage3ProductionSimulation.test_end_to_end_production_simulation _____\ntests/performance/test_stage3_production_simulation.py:545: in test_end_to_end_production_simulation\n    assert success_rate >= 0.8, f\"í”„ë¡œë•ì…˜ ì¤€ë¹„ë„ ë¶€ì¡±: {success_rate:.1%} < 80%\"\nE   AssertionError: í”„ë¡œë•ì…˜ ì¤€ë¹„ë„ ë¶€ì¡±: 75.0% < 80%\nE   assert 0.75 >= 0.8\n----------------------------- Captured stdout call -----------------------------\nğŸ¯ ì¢…í•© í”„ë¡œë•ì…˜ í™˜ê²½ ì‹œë®¬ë ˆì´ì…˜\n  1. ë¦¬ì†ŒìŠ¤ ì‚¬ìš©ëŸ‰ ê²€ì¦...\n  2. ë°ì´í„° ì²˜ë¦¬ ì„±ëŠ¥ ê²€ì¦...\n    ì²˜ë¦¬ ì†ë„: 684.7 samples/sec\n  3. ë©”ëª¨ë¦¬ íš¨ìœ¨ì„± ê²€ì¦...\n  4. í•™ìŠµ ì‹œê°„ ì˜ˆì¸¡...\n    ì˜ˆìƒ í•™ìŠµ ì‹œê°„: 303.8ì‹œê°„\n  5. ì¢…í•© í‰ê°€...\n    ì„±ê³µ ê¸°ì¤€: 3/4\n    ì„±ê³µë¥ : 75.0%\n\nğŸ“Š ì‹œë®¬ë ˆì´ì…˜ ê²°ê³¼:\n    âœ… ram_check\n    âœ… processing_speed\n    âœ… memory_efficient\n    âŒ time_constraint_met\n=============================== warnings summary ===============================\ntests/performance/test_stage3_production_simulation.py:246\n  /home/max16/pillsnap/tests/performance/test_stage3_production_simulation.py:246: PytestUnknownMarkWarning: Unknown pytest.mark.slow - is this a typo?  You can register custom marks to avoid this warning - for details, see https://docs.pytest.org/en/stable/how-to/mark.html\n    @pytest.mark.slow\n\ntests/performance/test_stage3_production_simulation.py:456\n  /home/max16/pillsnap/tests/performance/test_stage3_production_simulation.py:456: PytestUnknownMarkWarning: Unknown pytest.mark.integration - is this a typo?  You can register custom marks to avoid this warning - for details, see https://docs.pytest.org/en/stable/how-to/mark.html\n    @pytest.mark.integration\n\n-- Docs: https://docs.pytest.org/en/stable/how-to/capture-warnings.html\n=========================== short test summary info ============================\nFAILED tests/performance/test_stage3_production_simulation.py::TestStage3ProductionSimulation::test_training_time_constraint_simulation\nFAILED tests/performance/test_stage3_production_simulation.py::TestStage3ProductionSimulation::test_end_to_end_production_simulation\n============ 2 failed, 5 passed, 1 deselected, 2 warnings in 4.01s =============\n",
        "stderr": ""
      }
    ],
    "gpu_tests": [
      {
        "name": "GPU ë©”ëª¨ë¦¬ ì•ˆì •ì„± í…ŒìŠ¤íŠ¸",
        "success": true,
        "duration": 5.119657278060913,
        "returncode": 0,
        "stdout": "============================= test session starts ==============================\nplatform linux -- Python 3.11.13, pytest-8.4.1, pluggy-1.6.0 -- /home/max16/pillsnap/.venv/bin/python\ncachedir: .pytest_cache\nrootdir: /home/max16/pillsnap\nconfigfile: pytest.ini\nplugins: anyio-4.10.0, asyncio-0.26.0\nasyncio: mode=Mode.STRICT, asyncio_default_fixture_loop_scope=None, asyncio_default_test_loop_scope=function\ncollecting ... collected 8 items / 1 deselected / 7 selected\n\ntests/smoke/test_stage3_gpu_memory_stability.py::TestStage3GPUMemoryStability::test_baseline_memory_usage PASSED [ 14%]\ntests/smoke/test_stage3_gpu_memory_stability.py::TestStage3GPUMemoryStability::test_training_batch_memory_management PASSED [ 28%]\ntests/smoke/test_stage3_gpu_memory_stability.py::TestStage3GPUMemoryStability::test_memory_leak_detection PASSED [ 42%]\ntests/smoke/test_stage3_gpu_memory_stability.py::TestStage3GPUMemoryStability::test_oom_recovery_mechanism PASSED [ 57%]\ntests/smoke/test_stage3_gpu_memory_stability.py::TestStage3GPUMemoryStability::test_mixed_precision_memory_efficiency PASSED [ 71%]\ntests/smoke/test_stage3_gpu_memory_stability.py::TestStage3GPUMemoryStability::test_torch_compile_memory_impact SKIPPED [ 85%]\ntests/smoke/test_stage3_gpu_memory_stability.py::TestStage3GPUMemoryStability::test_gradient_accumulation_memory PASSED [100%]\n\n=============================== warnings summary ===============================\ntests/smoke/test_stage3_gpu_memory_stability.py:326\n  /home/max16/pillsnap/tests/smoke/test_stage3_gpu_memory_stability.py:326: PytestUnknownMarkWarning: Unknown pytest.mark.slow - is this a typo?  You can register custom marks to avoid this warning - for details, see https://docs.pytest.org/en/stable/how-to/mark.html\n    @pytest.mark.slow\n\n-- Docs: https://docs.pytest.org/en/stable/how-to/capture-warnings.html\n============ 6 passed, 1 skipped, 1 deselected, 1 warning in 3.25s =============\n",
        "stderr": ""
      }
    ],
    "long_stability_tests": []
  },
  "summary": {
    "total_tests": 5,
    "total_success": 3,
    "success_rate": 60.0,
    "total_duration": 113.45440578460693,
    "production_score": 0.575,
    "production_ready": false
  }
}